<?xml version="1.0" encoding="UTF-8"?>
<testng-results ignored="0" total="2" passed="2" failed="0" skipped="0">
  <reporter-output>
  </reporter-output>
  <suite started-at="2023-09-13T17:53:48 IST" name="Parallel Testing" finished-at="2023-09-13T17:54:39 IST" duration-ms="50981">
    <groups>
    </groups>
    <test started-at="2023-09-13T17:53:48 IST" name="Parallel Test" finished-at="2023-09-13T17:54:39 IST" duration-ms="50981">
      <class name="com.hrm.tests.Loginpagetest">
        <test-method is-config="true" signature="globalobject()[pri:0, instance:com.hrm.tests.Loginpagetest@10163d6]" started-at="2023-09-13T17:53:46 IST" name="globalobject" finished-at="2023-09-13T17:53:48 IST" duration-ms="1381" status="PASS">
          <reporter-output>
          </reporter-output>
        </test-method> <!-- globalobject -->
        <test-method is-config="true" signature="opensetup()[pri:0, instance:com.hrm.tests.Loginpagetest@10163d6]" started-at="2023-09-13T17:53:48 IST" name="opensetup" finished-at="2023-09-13T17:53:58 IST" duration-ms="10006" status="PASS">
          <reporter-output>
          </reporter-output>
        </test-method> <!-- opensetup -->
        <test-method signature="useraddtest()[pri:0, instance:com.hrm.tests.Loginpagetest@10163d6]" started-at="2023-09-13T17:53:58 IST" name="useraddtest" finished-at="2023-09-13T17:54:35 IST" duration-ms="37214" status="PASS">
          <reporter-output>
          </reporter-output>
        </test-method> <!-- useraddtest -->
        <test-method signature="appopen()[pri:0, instance:com.hrm.tests.Loginpagetest@10163d6]" started-at="2023-09-13T17:53:58 IST" name="appopen" finished-at="2023-09-13T17:54:02 IST" duration-ms="4007" status="PASS">
          <reporter-output>
          </reporter-output>
        </test-method> <!-- appopen -->
        <test-method is-config="true" signature="testcasseresult(org.testng.ITestResult)[pri:0, instance:com.hrm.tests.Loginpagetest@10163d6]" started-at="2023-09-13T17:54:02 IST" name="testcasseresult" finished-at="2023-09-13T17:54:02 IST" duration-ms="672" status="PASS">
          <params>
            <param index="0">
              <value>
                <![CDATA[[TestResult name=appopen status=SUCCESS method=Loginpagetest.appopen()[pri:0, instance:com.hrm.tests.Loginpagetest@10163d6] output={null}]]]>
              </value>
            </param>
          </params>
          <reporter-output>
          </reporter-output>
        </test-method> <!-- testcasseresult -->
        <test-method is-config="true" signature="testcasseresult(org.testng.ITestResult)[pri:0, instance:com.hrm.tests.Loginpagetest@10163d6]" started-at="2023-09-13T17:54:35 IST" name="testcasseresult" finished-at="2023-09-13T17:54:35 IST" duration-ms="173" status="PASS">
          <params>
            <param index="0">
              <value>
                <![CDATA[[TestResult name=useraddtest status=SUCCESS method=Loginpagetest.useraddtest()[pri:0, instance:com.hrm.tests.Loginpagetest@10163d6] output={null}]]]>
              </value>
            </param>
          </params>
          <reporter-output>
          </reporter-output>
        </test-method> <!-- testcasseresult -->
        <test-method is-config="true" signature="closesetup()[pri:0, instance:com.hrm.tests.Loginpagetest@10163d6]" started-at="2023-09-13T17:54:35 IST" name="closesetup" finished-at="2023-09-13T17:54:39 IST" duration-ms="3515" status="PASS">
          <reporter-output>
          </reporter-output>
        </test-method> <!-- closesetup -->
      </class> <!-- com.hrm.tests.Loginpagetest -->
    </test> <!-- Parallel Test -->
  </suite> <!-- Parallel Testing -->
</testng-results>
